# JRE version: OpenJDK Runtime Environment (21.0.8) (build 21.0.8+-14196175-b1038.72)
# Java VM: OpenJDK 64-Bit Server VM (21.0.8+-14196175-b1038.72, mixed mode, tiered, compressed oops, compressed class ptrs, g1 gc, windows-amd64)
GC Precious Log:
 CardTable entry size: 512
 Card Set container configuration: InlinePtr #cards 5 size 8 Array Of Cards #cards 12 size 40 Howl #buckets 4 coarsen threshold 1843 Howl Bitmap #cards 512 size 80 coarsen threshold 460 Card regions per heap region 1 cards per card region 2048
 CPUs: 4 total, 4 available
 Memory: 8078M
 Large Page Support: Disabled
 NUMA Support: Disabled
 Compressed Oops: Enabled (32-bit)
 Heap Region Size: 1M
 Heap Min Capacity: 8M
 Heap Initial Capacity: 128M
 Heap Max Capacity: 2G
 Pre-touch: Disabled
 Parallel Workers: 4
 Concurrent Workers: 1
 Concurrent Refinement Workers: 4
 Periodic GC: Disabled
Heap:
 garbage-first heap   total 446464K, used 242757K [0x0000000080000000, 0x0000000100000000)
  region size 1024K, 38 young (38912K), 10 survivors (10240K)
 Metaspace       used 245661K, committed 248576K, reserved 1310720K
  class space    used 31495K, committed 32960K, reserved 1048576K
GC Heap History (20 events):
Event: 1445.282 GC heap before
{Heap before GC invocations=233 (full 0):
 garbage-first heap   total 446464K, used 410218K [0x0000000080000000, 0x0000000100000000)
  region size 1024K, 206 young (210944K), 11 survivors (11264K)
 Metaspace       used 225990K, committed 228800K, reserved 1310720K
  class space    used 28745K, committed 30144K, reserved 1048576K
}
Event: 1445.316 GC heap after
{Heap after GC invocations=234 (full 0):
 garbage-first heap   total 446464K, used 212074K [0x0000000080000000, 0x0000000100000000)
  region size 1024K, 11 young (11264K), 11 survivors (11264K)
 Metaspace       used 225990K, committed 228800K, reserved 1310720K
  class space    used 28745K, committed 30144K, reserved 1048576K
}
Event: 1453.168 GC heap before
{Heap before GC invocations=234 (full 0):
 garbage-first heap   total 446464K, used 409706K [0x0000000080000000, 0x0000000100000000)
  region size 1024K, 205 young (209920K), 11 survivors (11264K)
 Metaspace       used 226003K, committed 228800K, reserved 1310720K
  class space    used 28747K, committed 30144K, reserved 1048576K
}
Event: 1453.231 GC heap after
{Heap after GC invocations=235 (full 0):
 garbage-first heap   total 446464K, used 209463K [0x0000000080000000, 0x0000000100000000)
  region size 1024K, 11 young (11264K), 11 survivors (11264K)
 Metaspace       used 226003K, committed 228800K, reserved 1310720K
  class space    used 28747K, committed 30144K, reserved 1048576K
}
Event: 1456.432 GC heap before
{Heap before GC invocations=235 (full 0):
 garbage-first heap   total 446464K, used 410167K [0x0000000080000000, 0x0000000100000000)
  region size 1024K, 209 young (214016K), 11 survivors (11264K)
 Metaspace       used 226004K, committed 228800K, reserved 1310720K
  class space    used 28747K, committed 30144K, reserved 1048576K
}
Event: 1456.462 GC heap after
{Heap after GC invocations=236 (full 0):
 garbage-first heap   total 446464K, used 210494K [0x0000000080000000, 0x0000000100000000)
  region size 1024K, 12 young (12288K), 12 survivors (12288K)
 Metaspace       used 226004K, committed 228800K, reserved 1310720K
  class space    used 28747K, committed 30144K, reserved 1048576K
}
Event: 1460.769 GC heap before
{Heap before GC invocations=237 (full 0):
 garbage-first heap   total 446464K, used 410174K [0x0000000080000000, 0x0000000100000000)
  region size 1024K, 207 young (211968K), 12 survivors (12288K)
 Metaspace       used 226005K, committed 228800K, reserved 1310720K
  class space    used 28747K, committed 30144K, reserved 1048576K
}
Event: 1460.801 GC heap after
{Heap after GC invocations=238 (full 0):
 garbage-first heap   total 446464K, used 211525K [0x0000000080000000, 0x0000000100000000)
  region size 1024K, 13 young (13312K), 13 survivors (13312K)
 Metaspace       used 226005K, committed 228800K, reserved 1310720K
  class space    used 28747K, committed 30144K, reserved 1048576K
}
Event: 1466.335 GC heap before
{Heap before GC invocations=238 (full 0):
 garbage-first heap   total 446464K, used 409157K [0x0000000080000000, 0x0000000100000000)
  region size 1024K, 206 young (210944K), 13 survivors (13312K)
 Metaspace       used 226005K, committed 228800K, reserved 1310720K
  class space    used 28747K, committed 30144K, reserved 1048576K
}
Event: 1466.382 GC heap after
{Heap after GC invocations=239 (full 0):
 garbage-first heap   total 446464K, used 210707K [0x0000000080000000, 0x0000000100000000)
  region size 1024K, 15 young (15360K), 15 survivors (15360K)
 Metaspace       used 226005K, committed 228800K, reserved 1310720K
  class space    used 28747K, committed 30144K, reserved 1048576K
}
Event: 1467.502 GC heap before
{Heap before GC invocations=239 (full 0):
 garbage-first heap   total 446464K, used 274195K [0x0000000080000000, 0x0000000100000000)
  region size 1024K, 79 young (80896K), 15 survivors (15360K)
 Metaspace       used 226005K, committed 228800K, reserved 1310720K
  class space    used 28747K, committed 30144K, reserved 1048576K
}
Event: 1467.533 GC heap after
{Heap after GC invocations=240 (full 0):
 garbage-first heap   total 446464K, used 211724K [0x0000000080000000, 0x0000000100000000)
  region size 1024K, 15 young (15360K), 15 survivors (15360K)
 Metaspace       used 226005K, committed 228800K, reserved 1310720K
  class space    used 28747K, committed 30144K, reserved 1048576K
}
Event: 1484.412 GC heap before
{Heap before GC invocations=241 (full 0):
 garbage-first heap   total 446464K, used 416524K [0x0000000080000000, 0x0000000100000000)
  region size 1024K, 205 young (209920K), 15 survivors (15360K)
 Metaspace       used 226561K, committed 229376K, reserved 1310720K
  class space    used 28813K, committed 30208K, reserved 1048576K
}
Event: 1484.466 GC heap after
{Heap after GC invocations=242 (full 0):
 garbage-first heap   total 446464K, used 208444K [0x0000000080000000, 0x0000000100000000)
  region size 1024K, 11 young (11264K), 11 survivors (11264K)
 Metaspace       used 226561K, committed 229376K, reserved 1310720K
  class space    used 28813K, committed 30208K, reserved 1048576K
}
Event: 1506.267 GC heap before
{Heap before GC invocations=242 (full 0):
 garbage-first heap   total 446464K, used 409148K [0x0000000080000000, 0x0000000100000000)
  region size 1024K, 208 young (212992K), 11 survivors (11264K)
 Metaspace       used 239762K, committed 242560K, reserved 1310720K
  class space    used 30791K, committed 32192K, reserved 1048576K
}
Event: 1506.415 GC heap after
{Heap after GC invocations=243 (full 0):
 garbage-first heap   total 446464K, used 214056K [0x0000000080000000, 0x0000000100000000)
  region size 1024K, 18 young (18432K), 18 survivors (18432K)
 Metaspace       used 239762K, committed 242560K, reserved 1310720K
  class space    used 30791K, committed 32192K, reserved 1048576K
}
Event: 1524.545 GC heap before
{Heap before GC invocations=243 (full 0):
 garbage-first heap   total 446464K, used 403496K [0x0000000080000000, 0x0000000100000000)
  region size 1024K, 203 young (207872K), 18 survivors (18432K)
 Metaspace       used 244900K, committed 247808K, reserved 1310720K
  class space    used 31406K, committed 32832K, reserved 1048576K
}
Event: 1524.597 GC heap after
{Heap after GC invocations=244 (full 0):
 garbage-first heap   total 446464K, used 217517K [0x0000000080000000, 0x0000000100000000)
  region size 1024K, 14 young (14336K), 14 survivors (14336K)
 Metaspace       used 244900K, committed 247808K, reserved 1310720K
  class space    used 31406K, committed 32832K, reserved 1048576K
}
Event: 1554.065 GC heap before
{Heap before GC invocations=245 (full 0):
 garbage-first heap   total 446464K, used 407981K [0x0000000080000000, 0x0000000100000000)
  region size 1024K, 200 young (204800K), 14 survivors (14336K)
 Metaspace       used 245656K, committed 248576K, reserved 1310720K
  class space    used 31495K, committed 32960K, reserved 1048576K
}
Event: 1554.107 GC heap after
{Heap after GC invocations=246 (full 0):
 garbage-first heap   total 446464K, used 215109K [0x0000000080000000, 0x0000000100000000)
  region size 1024K, 10 young (10240K), 10 survivors (10240K)
 Metaspace       used 245656K, committed 248576K, reserved 1310720K
  class space    used 31495K, committed 32960K, reserved 1048576K
}

